Using pre-set license
Built from '2020.2/staging' branch; Version is '2020.2.6f1 (8a2143876886) revision 9052483'; Using compiler version '192528614'; Build Type 'Release'
OS: 'Windows 10 Home Single Language; OS build 19043.1348; Version 2009; 64bit' Language: 'es' Physical Memory: 16224 MB
BatchMode: 1, IsHumanControllingUs: 0, StartBugReporterOnCrash: 0, Is64bit: 1, IsPro: 0

 COMMAND LINE ARGUMENTS:
C:\Unity\2020.2.6f1\Editor\Unity.exe
-adb2
-batchMode
-noUpm
-name
AssetImportWorker0
-projectPath
C:/Users/Matt Aullido/Documents/Tec De Monterrey/Cuarto semestre/Videojuegos/Coche
-logFile
Logs/AssetImportWorker0.log
-srvPort
54086
Successfully changed project path to: C:/Users/Matt Aullido/Documents/Tec De Monterrey/Cuarto semestre/Videojuegos/Coche
C:/Users/Matt Aullido/Documents/Tec De Monterrey/Cuarto semestre/Videojuegos/Coche
Using Asset Import Pipeline V2.
Refreshing native plugins compatible for Editor in 27.16 ms, found 0 plugins.
Preloading 0 native plugins for Editor in 0.00 ms.
Initialize engine version: 2020.2.6f1 (8a2143876886)
[Subsystems] Discovering subsystems at path C:/Unity/2020.2.6f1/Editor/Data/Resources/UnitySubsystems
[Subsystems] Discovering subsystems at path C:/Users/Matt Aullido/Documents/Tec De Monterrey/Cuarto semestre/Videojuegos/Coche/Assets
GfxDevice: creating device client; threaded=0
Direct3D:
    Version:  Direct3D 11.0 [level 11.1]
    Renderer: NVIDIA GeForce GTX 1050 Ti (ID=0x1c8c)
    Vendor:   
    VRAM:     4018 MB
    Driver:   26.21.14.4223
Initialize mono
Mono path[0] = 'C:/Unity/2020.2.6f1/Editor/Data/Managed'
Mono path[1] = 'C:/Unity/2020.2.6f1/Editor/Data/MonoBleedingEdge/lib/mono/unityjit'
Mono config path = 'C:/Unity/2020.2.6f1/Editor/Data/MonoBleedingEdge/etc'
Using monoOptions --debugger-agent=transport=dt_socket,embedding=1,server=y,suspend=n,address=127.0.0.1:56532
Begin MonoManager ReloadAssembly
Registering precompiled unity dll's ...
Register platform support module: C:/Unity/2020.2.6f1/Editor/Data/PlaybackEngines/WindowsStandaloneSupport/UnityEditor.WindowsStandalone.Extensions.dll
Registered in 0.001991 seconds.
Native extension for WindowsStandalone target not found
Refreshing native plugins compatible for Editor in 28.46 ms, found 0 plugins.
Preloading 0 native plugins for Editor in 0.00 ms.
Invoked RoslynAnalysisRunner static constructor.
RoslynAnalysisRunner will not be running.
RoslynAnalysisRunner has terminated.
Mono: successfully reloaded assembly
- Completed reload, in  1.043 seconds
Platform modules already initialized, skipping
Registering precompiled user dll's ...
Registered in 0.001891 seconds.
Begin MonoManager ReloadAssembly
Native extension for WindowsStandalone target not found
Refreshing native plugins compatible for Editor in 0.26 ms, found 0 plugins.
Preloading 0 native plugins for Editor in 0.00 ms.
Invoked RoslynAnalysisRunner static constructor.
RoslynAnalysisRunner will not be running.
RoslynAnalysisRunner has terminated.
Mono: successfully reloaded assembly
- Completed reload, in  0.830 seconds
Platform modules already initialized, skipping
========================================================================
Worker process is ready to serve import requests
Launched and connected shader compiler UnityShaderCompiler.exe after 0.05 seconds
Refreshing native plugins compatible for Editor in 0.26 ms, found 0 plugins.
Preloading 0 native plugins for Editor in 0.00 ms.
Unloading 1463 Unused Serialized files (Serialized files now loaded: 0)
System memory in use before: 71.6 MB.
System memory in use after: 71.6 MB.

Unloading 10 unused Assets to reduce memory usage. Loaded Objects now: 1906.
Total: 1.853500 ms (FindLiveObjects: 0.149400 ms CreateObjectMapping: 0.047800 ms MarkObjects: 1.545900 ms  DeleteObjects: 0.109300 ms)

========================================================================
Received Import Request.
  path: Assets
  artifactKey: Guid(00000000000000001000000000000000) Importer(815301076,1909f56bfc062723c751e8b465ee728b)
Start importing Assets using Guid(00000000000000001000000000000000) Importer(815301076,1909f56bfc062723c751e8b465ee728b)  -> (artifact id: 'f47cf443bddc682ac2de11ea429897ce') in 0.010256 seconds
  Import took 0.012946 seconds .

========================================================================
Received Import Request.
  Time since last request: 3.296364 seconds.
  path: Assets/Materiales
  artifactKey: Guid(cfd8875d4302e7b46a1921666aba7324) Importer(815301076,1909f56bfc062723c751e8b465ee728b)
Start importing Assets/Materiales using Guid(cfd8875d4302e7b46a1921666aba7324) Importer(815301076,1909f56bfc062723c751e8b465ee728b)  -> (artifact id: 'c2c98d51203432ca888bd54fccbeba33') in 0.007392 seconds
  Import took 0.012314 seconds .

========================================================================
Received Import Request.
  Time since last request: 7.105000 seconds.
  path: Assets/Materiales/New Material.mat
  artifactKey: Guid(42b879efeac140b45bed59886020b854) Importer(815301076,1909f56bfc062723c751e8b465ee728b)
Start importing Assets/Materiales/New Material.mat using Guid(42b879efeac140b45bed59886020b854) Importer(815301076,1909f56bfc062723c751e8b465ee728b)  -> (artifact id: '640ba3f83cfd1eaa3906abc07ea00ffe') in 0.133836 seconds
  Import took 0.136780 seconds .

========================================================================
Received Import Request.
  Time since last request: 183.853021 seconds.
  path: Assets/Materiales/Tire.jpg
  artifactKey: Guid(7b331cfdd1782084c88c00fbf9a23790) Importer(815301076,1909f56bfc062723c751e8b465ee728b)
Start importing Assets/Materiales/Tire.jpg using Guid(7b331cfdd1782084c88c00fbf9a23790) Importer(815301076,1909f56bfc062723c751e8b465ee728b)  -> (artifact id: '8d4d820665ef40f5a43ac42f869b4c66') in 0.035350 seconds
  Import took 0.038489 seconds .

========================================================================
Received Import Request.
  Time since last request: 6.967366 seconds.
  path: Assets/Materiales/Materials
  artifactKey: Guid(ff0a9da8a40ba0e44bf6a5b18a212db1) Importer(815301076,1909f56bfc062723c751e8b465ee728b)
Start importing Assets/Materiales/Materials using Guid(ff0a9da8a40ba0e44bf6a5b18a212db1) Importer(815301076,1909f56bfc062723c751e8b465ee728b)  -> (artifact id: '0081b064c25241db67ec627c08659309') in 0.005699 seconds
  Import took 0.007989 seconds .

========================================================================
Received Import Request.
  Time since last request: 0.069290 seconds.
  path: Assets/Materiales/Materials/Tire.mat
  artifactKey: Guid(409232497d5d3d34698ae4dd7bed52ee) Importer(815301076,1909f56bfc062723c751e8b465ee728b)
Start importing Assets/Materiales/Materials/Tire.mat using Guid(409232497d5d3d34698ae4dd7bed52ee) Importer(815301076,1909f56bfc062723c751e8b465ee728b)  -> (artifact id: 'ab5cdaaf1370366b584b8b2d52e50834') in 0.011702 seconds
  Import took 0.013967 seconds .

========================================================================
Received Import Request.
  Time since last request: 209.178778 seconds.
  path: Assets/Materiales/depositphotos_8956926-stock-illustration-car-tire-vector.jpg
  artifactKey: Guid(13fb32ade16910140ba6c50b8baa3914) Importer(815301076,1909f56bfc062723c751e8b465ee728b)
Start importing Assets/Materiales/depositphotos_8956926-stock-illustration-car-tire-vector.jpg using Guid(13fb32ade16910140ba6c50b8baa3914) Importer(815301076,1909f56bfc062723c751e8b465ee728b)  -> (artifact id: '5f9ccc6948b40641b6c0e256a5740109') in 0.014325 seconds
  Import took 0.017077 seconds .

========================================================================
Received Import Request.
  Time since last request: 11.115110 seconds.
  path: Assets/Materiales/Llanta.mat
  artifactKey: Guid(bb5f354516e68734c8165892ce2f537d) Importer(815301076,1909f56bfc062723c751e8b465ee728b)
Start importing Assets/Materiales/Llanta.mat using Guid(bb5f354516e68734c8165892ce2f537d) Importer(815301076,1909f56bfc062723c751e8b465ee728b)  -> (artifact id: 'e87211f2f79d71e52d91ead77a1c35dc') in 0.014280 seconds
  Import took 0.017465 seconds .

========================================================================
Received Import Request.
  Time since last request: 194.732631 seconds.
  path: Assets/Materiales/llanta dentro.mat
  artifactKey: Guid(865ac576b1aca7a4dbbe71ee2f45513f) Importer(815301076,1909f56bfc062723c751e8b465ee728b)
Start importing Assets/Materiales/llanta dentro.mat using Guid(865ac576b1aca7a4dbbe71ee2f45513f) Importer(815301076,1909f56bfc062723c751e8b465ee728b)  -> (artifact id: '3f546df3c2a7b03466f7bf86fb6c5867') in 0.013867 seconds
  Import took 0.017088 seconds .

========================================================================
Received Prepare
Registering precompiled user dll's ...
Registered in 0.000766 seconds.
Begin MonoManager ReloadAssembly
Native extension for WindowsStandalone target not found
Refreshing native plugins compatible for Editor in 0.63 ms, found 0 plugins.
Preloading 0 native plugins for Editor in 0.00 ms.
Invoked RoslynAnalysisRunner static constructor.
RoslynAnalysisRunner will not be running.
RoslynAnalysisRunner has terminated.
Mono: successfully reloaded assembly
- Completed reload, in  0.901 seconds
Platform modules already initialized, skipping
Refreshing native plugins compatible for Editor in 0.46 ms, found 0 plugins.
Preloading 0 native plugins for Editor in 0.00 ms.
Unloading 1435 Unused Serialized files (Serialized files now loaded: 0)
System memory in use before: 73.1 MB.
System memory in use after: 73.2 MB.

Unloading 5 unused Assets to reduce memory usage. Loaded Objects now: 1950.
Total: 2.060000 ms (FindLiveObjects: 0.191700 ms CreateObjectMapping: 0.049900 ms MarkObjects: 1.740800 ms  DeleteObjects: 0.075300 ms)

========================================================================
Received Import Request.
  Time since last request: 764.263578 seconds.
  path: Assets/Materiales/Llanta2.mat
  artifactKey: Guid(a5ecf3970d58d5044b32fa4562d8c4ed) Importer(815301076,1909f56bfc062723c751e8b465ee728b)
Start importing Assets/Materiales/Llanta2.mat using Guid(a5ecf3970d58d5044b32fa4562d8c4ed) Importer(815301076,1909f56bfc062723c751e8b465ee728b)  -> (artifact id: 'a49b150ba7f0720928b68cf6459ec1c0') in 0.075404 seconds
  Import took 0.079418 seconds .

========================================================================
Received Import Request.
  Time since last request: 111.354548 seconds.
  path: Assets/Materiales/depositphotos_11892874-stock-illustration-seamless-trace-of-the-tyre.jpg
  artifactKey: Guid(f583eb83af5b4eb43a82b459013bf153) Importer(815301076,1909f56bfc062723c751e8b465ee728b)
Start importing Assets/Materiales/depositphotos_11892874-stock-illustration-seamless-trace-of-the-tyre.jpg using Guid(f583eb83af5b4eb43a82b459013bf153) Importer(815301076,1909f56bfc062723c751e8b465ee728b)  -> (artifact id: 'eb9beb6745b8c737b3916ecc404851bc') in 0.035586 seconds
  Import took 0.038698 seconds .

========================================================================
Received Import Request.
  Time since last request: 560.808261 seconds.
  path: Assets/Materiales/Ventanas.mat
  artifactKey: Guid(7e01d1dd31509964e86cb6656865c130) Importer(815301076,1909f56bfc062723c751e8b465ee728b)
Start importing Assets/Materiales/Ventanas.mat using Guid(7e01d1dd31509964e86cb6656865c130) Importer(815301076,1909f56bfc062723c751e8b465ee728b)  -> (artifact id: '902f2bcb01fa37e08a962a93a2c97762') in 0.017088 seconds
  Import took 0.021123 seconds .

========================================================================
Received Import Request.
  Time since last request: 381.555961 seconds.
  path: Assets/Materiales/vetro.mat
  artifactKey: Guid(46fe1b1af2b9cc44397d74fdf718483f) Importer(815301076,1909f56bfc062723c751e8b465ee728b)
Start importing Assets/Materiales/vetro.mat using Guid(46fe1b1af2b9cc44397d74fdf718483f) Importer(815301076,1909f56bfc062723c751e8b465ee728b)  -> (artifact id: '7a466cd6c43e3c6a46bff53ba42f7472') in 0.018671 seconds
  Import took 0.021882 seconds .

========================================================================
Received Import Request.
  Time since last request: 0.000408 seconds.
  path: Assets/Materiales/vetro.mat
  artifactKey: Guid(46fe1b1af2b9cc44397d74fdf718483f) Importer(815301076,1909f56bfc062723c751e8b465ee728b)
Start importing Assets/Materiales/vetro.mat using Guid(46fe1b1af2b9cc44397d74fdf718483f) Importer(815301076,1909f56bfc062723c751e8b465ee728b)  -> (artifact id: '7a466cd6c43e3c6a46bff53ba42f7472') in 0.010439 seconds
  Import took 0.012846 seconds .

========================================================================
Received Import Request.
  Time since last request: 167.830299 seconds.
  path: Assets/Materiales/Llanta2.mat
  artifactKey: Guid(a5ecf3970d58d5044b32fa4562d8c4ed) Importer(815301076,1909f56bfc062723c751e8b465ee728b)
Start importing Assets/Materiales/Llanta2.mat using Guid(a5ecf3970d58d5044b32fa4562d8c4ed) Importer(815301076,1909f56bfc062723c751e8b465ee728b)  -> (artifact id: '4638b10794144742e3102ce1e3958ce6') in 0.013525 seconds
  Import took 0.016225 seconds .

========================================================================
Received Import Request.
  Time since last request: 0.000316 seconds.
  path: Assets/Materiales/New Material.mat
  artifactKey: Guid(42b879efeac140b45bed59886020b854) Importer(815301076,1909f56bfc062723c751e8b465ee728b)
Start importing Assets/Materiales/New Material.mat using Guid(42b879efeac140b45bed59886020b854) Importer(815301076,1909f56bfc062723c751e8b465ee728b)  -> (artifact id: '02a37dd286532b827d18738d6bf96fb6') in 0.011884 seconds
  Import took 0.014594 seconds .

========================================================================
Received Import Request.
  Time since last request: 0.000270 seconds.
  path: Assets/Materiales/Ventanas.mat
  artifactKey: Guid(7e01d1dd31509964e86cb6656865c130) Importer(815301076,1909f56bfc062723c751e8b465ee728b)
Start importing Assets/Materiales/Ventanas.mat using Guid(7e01d1dd31509964e86cb6656865c130) Importer(815301076,1909f56bfc062723c751e8b465ee728b)  -> (artifact id: '2247deec83dba094e316af169895bf81') in 0.010664 seconds
  Import took 0.013192 seconds .

